<?xml version="1.0" encoding="UTF-8"?>
<testsuite xmlns:xsi="http://www.w3.org/2001/XMLSchema-instance" xsi:noNamespaceSchemaLocation="https://maven.apache.org/surefire/maven-surefire-plugin/xsd/surefire-test-report.xsd" name="abdn.scnu.cs.GameTests" time="0.062" tests="11" errors="0" skipped="0" failures="0">
  <properties>
[...]
</properties>
  <testcase name="t1_1_a" classname="abdn.scnu.cs.GameTests" time="0.003"/>
  <testcase name="t1_1_b" classname="abdn.scnu.cs.GameTests" time="0"/>
  <testcase name="t1_2" classname="abdn.scnu.cs.GameTests" time="0"/>
  <testcase name="t1_3" classname="abdn.scnu.cs.GameTests" time="0"/>
  <testcase name="t2_1" classname="abdn.scnu.cs.GameTests" time="0"/>
  <testcase name="t2_2" classname="abdn.scnu.cs.GameTests" time="0"/>
  <testcase name="t2_3" classname="abdn.scnu.cs.GameTests" time="0.029"/>
  <testcase name="t2_4" classname="abdn.scnu.cs.GameTests" time="0.001"/>
  <testcase name="t3_1" classname="abdn.scnu.cs.GameTests" time="0.001"/>
  <testcase name="t3_3" classname="abdn.scnu.cs.GameTests" time="0"/>
  <testcase name="t3_4" classname="abdn.scnu.cs.GameTests" time="0.001"/>
</testsuite>